Sender: LSF System <lsfadmin@polus-c2-ib.bmc.hpc.cs.msu.ru>
Subject: Job 1501853: <# this file was automaticly created by mpisubmit.pl script for edu-cmc-skpod25-325-02 #;source /polusfs/setenv/setup.SMPI;#BSUB -n 8;#BSUB -W 00:20;#BSUB -o ../opt_results/mpi_O3_N12000_run2.out;#BSUB -e gauss-mpi_O3.%J.err;OMP_NUM_THREADS=1 mpiexec ../builds/gauss-mpi_O3 12000 10> in cluster <MSUCluster> Exited

Job <# this file was automaticly created by mpisubmit.pl script for edu-cmc-skpod25-325-02 #;source /polusfs/setenv/setup.SMPI;#BSUB -n 8;#BSUB -W 00:20;#BSUB -o ../opt_results/mpi_O3_N12000_run2.out;#BSUB -e gauss-mpi_O3.%J.err;OMP_NUM_THREADS=1 mpiexec ../builds/gauss-mpi_O3 12000 10> was submitted from host <polus-ib.bmc.hpc.cs.msu.ru> by user <edu-cmc-skpod25-325-02> in cluster <MSUCluster> at Fri Dec 19 17:57:59 2025
Job was executed on host(s) <4*polus-c2-ib.bmc.hpc.cs.msu.ru>, in queue <short>, as user <edu-cmc-skpod25-325-02> in cluster <MSUCluster> at Fri Dec 19 18:03:49 2025
                            <4*polus-c3-ib.bmc.hpc.cs.msu.ru>
</home_edu/edu-cmc-skpod25-325/edu-cmc-skpod25-325-02> was used as the home directory.
</home_edu/edu-cmc-skpod25-325/edu-cmc-skpod25-325-02/gauss/scripts> was used as the working directory.
Started at Fri Dec 19 18:03:49 2025
Terminated at Fri Dec 19 18:04:03 2025
Results reported at Fri Dec 19 18:04:03 2025

Your job looked like:

------------------------------------------------------------
# LSBATCH: User input
# this file was automaticly created by mpisubmit.pl script for edu-cmc-skpod25-325-02 #
source /polusfs/setenv/setup.SMPI
#BSUB -n 8
#BSUB -W 00:20
#BSUB -o ../opt_results/mpi_O3_N12000_run2.out
#BSUB -e gauss-mpi_O3.%J.err
OMP_NUM_THREADS=1 mpiexec ../builds/gauss-mpi_O3 12000 10

------------------------------------------------------------

Exited with exit code 139.

Resource usage summary:

    CPU time :                                   43.00 sec.
    Max Memory :                                 777 MB
    Average Memory :                             582.75 MB
    Total Requested Memory :                     -
    Delta Memory :                               -
    Max Swap :                                   -
    Max Processes :                              8
    Max Threads :                                21
    Run time :                                   14 sec.
    Turnaround time :                            364 sec.

The output (if any) follows:

--------------------------------------------------------------------------
mpiexec noticed that process rank 7 with PID 75430 on node polus-c3-ib exited on signal 11 (Segmentation fault).
--------------------------------------------------------------------------


PS:

Read file <gauss-mpi_O3.1501853.err> for stderr output of this job.

