Sender: LSF System <lsfadmin@polus-c2-ib.bmc.hpc.cs.msu.ru>
Subject: Job 1501737: <# this file was automaticly created by mpisubmit.pl script for edu-cmc-skpod25-325-02 #;source /polusfs/setenv/setup.SMPI;#BSUB -n 1;#BSUB -W 00:20;#BSUB -o ../opt_results/seq_O1_N8000_run3.out;#BSUB -e gauss-seq_O1.%J.err;OMP_NUM_THREADS=1 mpiexec ../builds/gauss-seq_O1 8000 10> in cluster <MSUCluster> Done

Job <# this file was automaticly created by mpisubmit.pl script for edu-cmc-skpod25-325-02 #;source /polusfs/setenv/setup.SMPI;#BSUB -n 1;#BSUB -W 00:20;#BSUB -o ../opt_results/seq_O1_N8000_run3.out;#BSUB -e gauss-seq_O1.%J.err;OMP_NUM_THREADS=1 mpiexec ../builds/gauss-seq_O1 8000 10> was submitted from host <polus-ib.bmc.hpc.cs.msu.ru> by user <edu-cmc-skpod25-325-02> in cluster <MSUCluster> at Fri Dec 19 17:57:55 2025
Job was executed on host(s) <polus-c2-ib.bmc.hpc.cs.msu.ru>, in queue <short>, as user <edu-cmc-skpod25-325-02> in cluster <MSUCluster> at Fri Dec 19 17:58:25 2025
</home_edu/edu-cmc-skpod25-325/edu-cmc-skpod25-325-02> was used as the home directory.
</home_edu/edu-cmc-skpod25-325/edu-cmc-skpod25-325-02/gauss/scripts> was used as the working directory.
Started at Fri Dec 19 17:58:25 2025
Terminated at Fri Dec 19 17:58:33 2025
Results reported at Fri Dec 19 17:58:33 2025

Your job looked like:

------------------------------------------------------------
# LSBATCH: User input
# this file was automaticly created by mpisubmit.pl script for edu-cmc-skpod25-325-02 #
source /polusfs/setenv/setup.SMPI
#BSUB -n 1
#BSUB -W 00:20
#BSUB -o ../opt_results/seq_O1_N8000_run3.out
#BSUB -e gauss-seq_O1.%J.err
OMP_NUM_THREADS=1 mpiexec ../builds/gauss-seq_O1 8000 10

------------------------------------------------------------

Successfully completed.

Resource usage summary:

    CPU time :                                   4.58 sec.
    Max Memory :                                 507 MB
    Average Memory :                             3.67 MB
    Total Requested Memory :                     -
    Delta Memory :                               -
    Max Swap :                                   -
    Max Processes :                              5
    Max Threads :                                10
    Run time :                                   10 sec.
    Turnaround time :                            38 sec.

The output (if any) follows:

Time=4.11695
X=(1, 1, 1, 1, 1, 1, 1, 1, 1, ...)


PS:

Read file <gauss-seq_O1.1501737.err> for stderr output of this job.

