Sender: LSF System <lsfadmin@polus-c2-ib.bmc.hpc.cs.msu.ru>
Subject: Job 1502802: <# this file was automaticly created by mpisubmit.pl script for edu-cmc-skpod25-325-02 #;source /polusfs/setenv/setup.SMPI;#BSUB -n 4;#BSUB -W 00:20;#BSUB -o ../scaling_results/mpi_N4000_p4_run1.out;#BSUB -e gauss-mpi_O2.%J.err;OMP_NUM_THREADS=1 mpiexec ../builds/gauss-mpi_O2 4000 10> in cluster <MSUCluster> Exited

Job <# this file was automaticly created by mpisubmit.pl script for edu-cmc-skpod25-325-02 #;source /polusfs/setenv/setup.SMPI;#BSUB -n 4;#BSUB -W 00:20;#BSUB -o ../scaling_results/mpi_N4000_p4_run1.out;#BSUB -e gauss-mpi_O2.%J.err;OMP_NUM_THREADS=1 mpiexec ../builds/gauss-mpi_O2 4000 10> was submitted from host <polus-ib.bmc.hpc.cs.msu.ru> by user <edu-cmc-skpod25-325-02> in cluster <MSUCluster> at Fri Dec 19 18:20:00 2025
Job was executed on host(s) <2*polus-c2-ib.bmc.hpc.cs.msu.ru>, in queue <short>, as user <edu-cmc-skpod25-325-02> in cluster <MSUCluster> at Fri Dec 19 18:32:30 2025
                            <2*polus-c4-ib.bmc.hpc.cs.msu.ru>
</home_edu/edu-cmc-skpod25-325/edu-cmc-skpod25-325-02> was used as the home directory.
</home_edu/edu-cmc-skpod25-325/edu-cmc-skpod25-325-02/gauss/scripts> was used as the working directory.
Started at Fri Dec 19 18:32:30 2025
Terminated at Fri Dec 19 18:32:37 2025
Results reported at Fri Dec 19 18:32:37 2025

Your job looked like:

------------------------------------------------------------
# LSBATCH: User input
# this file was automaticly created by mpisubmit.pl script for edu-cmc-skpod25-325-02 #
source /polusfs/setenv/setup.SMPI
#BSUB -n 4
#BSUB -W 00:20
#BSUB -o ../scaling_results/mpi_N4000_p4_run1.out
#BSUB -e gauss-mpi_O2.%J.err
OMP_NUM_THREADS=1 mpiexec ../builds/gauss-mpi_O2 4000 10

------------------------------------------------------------

Exited with exit code 139.

Resource usage summary:

    CPU time :                                   2.00 sec.
    Max Memory :                                 184 MB
    Average Memory :                             92.50 MB
    Total Requested Memory :                     -
    Delta Memory :                               -
    Max Swap :                                   -
    Max Processes :                              6
    Max Threads :                                15
    Run time :                                   5 sec.
    Turnaround time :                            757 sec.

The output (if any) follows:

--------------------------------------------------------------------------
mpiexec noticed that process rank 3 with PID 35270 on node polus-c4-ib exited on signal 11 (Segmentation fault).
--------------------------------------------------------------------------


PS:

Read file <gauss-mpi_O2.1502802.err> for stderr output of this job.

Sender: LSF System <lsfadmin@polus-c2-ib.bmc.hpc.cs.msu.ru>
Subject: Job 1504473: <# this file was automaticly created by mpisubmit.pl script for edu-cmc-skpod25-325-02 #;source /polusfs/setenv/setup.SMPI;#BSUB -n 4;#BSUB -W 00:20;#BSUB -o ../scaling_results/mpi_N4000_p4_run1.out;#BSUB -e gauss-mpi_O2.%J.err;OMP_NUM_THREADS=1 mpiexec ../builds/gauss-mpi_O2 4000 10> in cluster <MSUCluster> Exited

Job <# this file was automaticly created by mpisubmit.pl script for edu-cmc-skpod25-325-02 #;source /polusfs/setenv/setup.SMPI;#BSUB -n 4;#BSUB -W 00:20;#BSUB -o ../scaling_results/mpi_N4000_p4_run1.out;#BSUB -e gauss-mpi_O2.%J.err;OMP_NUM_THREADS=1 mpiexec ../builds/gauss-mpi_O2 4000 10> was submitted from host <polus-ib.bmc.hpc.cs.msu.ru> by user <edu-cmc-skpod25-325-02> in cluster <MSUCluster> at Fri Dec 19 20:14:11 2025
Job was executed on host(s) <4*polus-c2-ib.bmc.hpc.cs.msu.ru>, in queue <short>, as user <edu-cmc-skpod25-325-02> in cluster <MSUCluster> at Fri Dec 19 20:18:46 2025
</home_edu/edu-cmc-skpod25-325/edu-cmc-skpod25-325-02> was used as the home directory.
</home_edu/edu-cmc-skpod25-325/edu-cmc-skpod25-325-02/gauss/scripts> was used as the working directory.
Started at Fri Dec 19 20:18:46 2025
Terminated at Fri Dec 19 20:18:50 2025
Results reported at Fri Dec 19 20:18:50 2025

Your job looked like:

------------------------------------------------------------
# LSBATCH: User input
# this file was automaticly created by mpisubmit.pl script for edu-cmc-skpod25-325-02 #
source /polusfs/setenv/setup.SMPI
#BSUB -n 4
#BSUB -W 00:20
#BSUB -o ../scaling_results/mpi_N4000_p4_run1.out
#BSUB -e gauss-mpi_O2.%J.err
OMP_NUM_THREADS=1 mpiexec ../builds/gauss-mpi_O2 4000 10

------------------------------------------------------------

Exited with exit code 139.

Resource usage summary:

    CPU time :                                   3.00 sec.
    Max Memory :                                 348 MB
    Average Memory :                             1.00 MB
    Total Requested Memory :                     -
    Delta Memory :                               -
    Max Swap :                                   -
    Max Processes :                              8
    Max Threads :                                21
    Run time :                                   5 sec.
    Turnaround time :                            279 sec.

The output (if any) follows:

--------------------------------------------------------------------------
mpiexec noticed that process rank 3 with PID 0 on node polus-c2-ib exited on signal 11 (Segmentation fault).
--------------------------------------------------------------------------


PS:

Read file <gauss-mpi_O2.1504473.err> for stderr output of this job.

