Sender: LSF System <lsfadmin@polus-c2-ib.bmc.hpc.cs.msu.ru>
Subject: Job 1502827: <# this file was automaticly created by mpisubmit.pl script for edu-cmc-skpod25-325-02 #;source /polusfs/setenv/setup.SMPI;#BSUB -n 8;#BSUB -W 00:20;#BSUB -o ../scaling_results/mpi_N8000_p8_run2.out;#BSUB -e gauss-mpi_O2.%J.err;OMP_NUM_THREADS=1 mpiexec ../builds/gauss-mpi_O2 8000 10> in cluster <MSUCluster> Exited

Job <# this file was automaticly created by mpisubmit.pl script for edu-cmc-skpod25-325-02 #;source /polusfs/setenv/setup.SMPI;#BSUB -n 8;#BSUB -W 00:20;#BSUB -o ../scaling_results/mpi_N8000_p8_run2.out;#BSUB -e gauss-mpi_O2.%J.err;OMP_NUM_THREADS=1 mpiexec ../builds/gauss-mpi_O2 8000 10> was submitted from host <polus-ib.bmc.hpc.cs.msu.ru> by user <edu-cmc-skpod25-325-02> in cluster <MSUCluster> at Fri Dec 19 18:20:01 2025
Job was executed on host(s) <4*polus-c2-ib.bmc.hpc.cs.msu.ru>, in queue <short>, as user <edu-cmc-skpod25-325-02> in cluster <MSUCluster> at Fri Dec 19 18:34:46 2025
                            <3*polus-c4-ib.bmc.hpc.cs.msu.ru>
                            <1*polus-c3-ib.bmc.hpc.cs.msu.ru>
</home_edu/edu-cmc-skpod25-325/edu-cmc-skpod25-325-02> was used as the home directory.
</home_edu/edu-cmc-skpod25-325/edu-cmc-skpod25-325-02/gauss/scripts> was used as the working directory.
Started at Fri Dec 19 18:34:46 2025
Terminated at Fri Dec 19 18:34:54 2025
Results reported at Fri Dec 19 18:34:54 2025

Your job looked like:

------------------------------------------------------------
# LSBATCH: User input
# this file was automaticly created by mpisubmit.pl script for edu-cmc-skpod25-325-02 #
source /polusfs/setenv/setup.SMPI
#BSUB -n 8
#BSUB -W 00:20
#BSUB -o ../scaling_results/mpi_N8000_p8_run2.out
#BSUB -e gauss-mpi_O2.%J.err
OMP_NUM_THREADS=1 mpiexec ../builds/gauss-mpi_O2 8000 10

------------------------------------------------------------

Exited with exit code 139.

Resource usage summary:

    CPU time :                                   11.00 sec.
    Max Memory :                                 18 MB
    Average Memory :                             12.33 MB
    Total Requested Memory :                     -
    Delta Memory :                               -
    Max Swap :                                   -
    Max Processes :                              4
    Max Threads :                                9
    Run time :                                   8 sec.
    Turnaround time :                            893 sec.

The output (if any) follows:

--------------------------------------------------------------------------
mpiexec noticed that process rank 7 with PID 85612 on node polus-c3-ib exited on signal 11 (Segmentation fault).
--------------------------------------------------------------------------


PS:

Read file <gauss-mpi_O2.1502827.err> for stderr output of this job.

Sender: LSF System <lsfadmin@polus-c4-ib.bmc.hpc.cs.msu.ru>
Subject: Job 1504498: <# this file was automaticly created by mpisubmit.pl script for edu-cmc-skpod25-325-02 #;source /polusfs/setenv/setup.SMPI;#BSUB -n 8;#BSUB -W 00:20;#BSUB -o ../scaling_results/mpi_N8000_p8_run2.out;#BSUB -e gauss-mpi_O2.%J.err;OMP_NUM_THREADS=1 mpiexec ../builds/gauss-mpi_O2 8000 10> in cluster <MSUCluster> Exited

Job <# this file was automaticly created by mpisubmit.pl script for edu-cmc-skpod25-325-02 #;source /polusfs/setenv/setup.SMPI;#BSUB -n 8;#BSUB -W 00:20;#BSUB -o ../scaling_results/mpi_N8000_p8_run2.out;#BSUB -e gauss-mpi_O2.%J.err;OMP_NUM_THREADS=1 mpiexec ../builds/gauss-mpi_O2 8000 10> was submitted from host <polus-ib.bmc.hpc.cs.msu.ru> by user <edu-cmc-skpod25-325-02> in cluster <MSUCluster> at Fri Dec 19 20:14:30 2025
Job was executed on host(s) <1*polus-c4-ib.bmc.hpc.cs.msu.ru>, in queue <short>, as user <edu-cmc-skpod25-325-02> in cluster <MSUCluster> at Fri Dec 19 20:19:35 2025
                            <7*polus-c2-ib.bmc.hpc.cs.msu.ru>
</home_edu/edu-cmc-skpod25-325/edu-cmc-skpod25-325-02> was used as the home directory.
</home_edu/edu-cmc-skpod25-325/edu-cmc-skpod25-325-02/gauss/scripts> was used as the working directory.
Started at Fri Dec 19 20:19:35 2025
Terminated at Fri Dec 19 20:19:37 2025
Results reported at Fri Dec 19 20:19:37 2025

Your job looked like:

------------------------------------------------------------
# LSBATCH: User input
# this file was automaticly created by mpisubmit.pl script for edu-cmc-skpod25-325-02 #
source /polusfs/setenv/setup.SMPI
#BSUB -n 8
#BSUB -W 00:20
#BSUB -o ../scaling_results/mpi_N8000_p8_run2.out
#BSUB -e gauss-mpi_O2.%J.err
OMP_NUM_THREADS=1 mpiexec ../builds/gauss-mpi_O2 8000 10

------------------------------------------------------------

Exited with exit code 139.

Resource usage summary:

    CPU time :                                   1.00 sec.
    Max Memory :                                 132 MB
    Average Memory :                             88.33 MB
    Total Requested Memory :                     -
    Delta Memory :                               -
    Max Swap :                                   -
    Max Processes :                              5
    Max Threads :                                12
    Run time :                                   2 sec.
    Turnaround time :                            307 sec.

The output (if any) follows:

--------------------------------------------------------------------------
mpiexec noticed that process rank 7 with PID 114853 on node polus-c2-ib exited on signal 11 (Segmentation fault).
--------------------------------------------------------------------------


PS:

Read file <gauss-mpi_O2.1504498.err> for stderr output of this job.

