Sender: LSF System <lsfadmin@polus-c4-ib.bmc.hpc.cs.msu.ru>
Subject: Job 1502807: <# this file was automaticly created by mpisubmit.pl script for edu-cmc-skpod25-325-02 #;source /polusfs/setenv/setup.SMPI;#BSUB -n 8;#BSUB -W 00:20;#BSUB -o ../scaling_results/mpi_N4000_p8_run3.out;#BSUB -e gauss-mpi_O2.%J.err;OMP_NUM_THREADS=1 mpiexec ../builds/gauss-mpi_O2 4000 10> in cluster <MSUCluster> Exited

Job <# this file was automaticly created by mpisubmit.pl script for edu-cmc-skpod25-325-02 #;source /polusfs/setenv/setup.SMPI;#BSUB -n 8;#BSUB -W 00:20;#BSUB -o ../scaling_results/mpi_N4000_p8_run3.out;#BSUB -e gauss-mpi_O2.%J.err;OMP_NUM_THREADS=1 mpiexec ../builds/gauss-mpi_O2 4000 10> was submitted from host <polus-ib.bmc.hpc.cs.msu.ru> by user <edu-cmc-skpod25-325-02> in cluster <MSUCluster> at Fri Dec 19 18:20:00 2025
Job was executed on host(s) <3*polus-c4-ib.bmc.hpc.cs.msu.ru>, in queue <short>, as user <edu-cmc-skpod25-325-02> in cluster <MSUCluster> at Fri Dec 19 18:34:34 2025
                            <4*polus-c2-ib.bmc.hpc.cs.msu.ru>
                            <1*polus-c3-ib.bmc.hpc.cs.msu.ru>
</home_edu/edu-cmc-skpod25-325/edu-cmc-skpod25-325-02> was used as the home directory.
</home_edu/edu-cmc-skpod25-325/edu-cmc-skpod25-325-02/gauss/scripts> was used as the working directory.
Started at Fri Dec 19 18:34:34 2025
Terminated at Fri Dec 19 18:34:39 2025
Results reported at Fri Dec 19 18:34:39 2025

Your job looked like:

------------------------------------------------------------
# LSBATCH: User input
# this file was automaticly created by mpisubmit.pl script for edu-cmc-skpod25-325-02 #
source /polusfs/setenv/setup.SMPI
#BSUB -n 8
#BSUB -W 00:20
#BSUB -o ../scaling_results/mpi_N4000_p8_run3.out
#BSUB -e gauss-mpi_O2.%J.err
OMP_NUM_THREADS=1 mpiexec ../builds/gauss-mpi_O2 4000 10

------------------------------------------------------------

Exited with exit code 139.

Resource usage summary:

    CPU time :                                   3.00 sec.
    Max Memory :                                 170 MB
    Average Memory :                             114.67 MB
    Total Requested Memory :                     -
    Delta Memory :                               -
    Max Swap :                                   4 MB
    Max Processes :                              7
    Max Threads :                                18
    Run time :                                   6 sec.
    Turnaround time :                            879 sec.

The output (if any) follows:

--------------------------------------------------------------------------
mpiexec noticed that process rank 7 with PID 85534 on node polus-c3-ib exited on signal 11 (Segmentation fault).
--------------------------------------------------------------------------


PS:

Read file <gauss-mpi_O2.1502807.err> for stderr output of this job.

Sender: LSF System <lsfadmin@polus-c4-ib.bmc.hpc.cs.msu.ru>
Subject: Job 1504478: <# this file was automaticly created by mpisubmit.pl script for edu-cmc-skpod25-325-02 #;source /polusfs/setenv/setup.SMPI;#BSUB -n 8;#BSUB -W 00:20;#BSUB -o ../scaling_results/mpi_N4000_p8_run3.out;#BSUB -e gauss-mpi_O2.%J.err;OMP_NUM_THREADS=1 mpiexec ../builds/gauss-mpi_O2 4000 10> in cluster <MSUCluster> Exited

Job <# this file was automaticly created by mpisubmit.pl script for edu-cmc-skpod25-325-02 #;source /polusfs/setenv/setup.SMPI;#BSUB -n 8;#BSUB -W 00:20;#BSUB -o ../scaling_results/mpi_N4000_p8_run3.out;#BSUB -e gauss-mpi_O2.%J.err;OMP_NUM_THREADS=1 mpiexec ../builds/gauss-mpi_O2 4000 10> was submitted from host <polus-ib.bmc.hpc.cs.msu.ru> by user <edu-cmc-skpod25-325-02> in cluster <MSUCluster> at Fri Dec 19 20:14:13 2025
Job was executed on host(s) <1*polus-c4-ib.bmc.hpc.cs.msu.ru>, in queue <short>, as user <edu-cmc-skpod25-325-02> in cluster <MSUCluster> at Fri Dec 19 20:19:27 2025
                            <7*polus-c2-ib.bmc.hpc.cs.msu.ru>
</home_edu/edu-cmc-skpod25-325/edu-cmc-skpod25-325-02> was used as the home directory.
</home_edu/edu-cmc-skpod25-325/edu-cmc-skpod25-325-02/gauss/scripts> was used as the working directory.
Started at Fri Dec 19 20:19:27 2025
Terminated at Fri Dec 19 20:19:28 2025
Results reported at Fri Dec 19 20:19:28 2025

Your job looked like:

------------------------------------------------------------
# LSBATCH: User input
# this file was automaticly created by mpisubmit.pl script for edu-cmc-skpod25-325-02 #
source /polusfs/setenv/setup.SMPI
#BSUB -n 8
#BSUB -W 00:20
#BSUB -o ../scaling_results/mpi_N4000_p8_run3.out
#BSUB -e gauss-mpi_O2.%J.err
OMP_NUM_THREADS=1 mpiexec ../builds/gauss-mpi_O2 4000 10

------------------------------------------------------------

Exited with exit code 139.

Resource usage summary:

    CPU time :                                   0.55 sec.
    Max Memory :                                 1 MB
    Average Memory :                             1.00 MB
    Total Requested Memory :                     -
    Delta Memory :                               -
    Max Swap :                                   -
    Max Processes :                              1
    Max Threads :                                1
    Run time :                                   3 sec.
    Turnaround time :                            315 sec.

The output (if any) follows:

--------------------------------------------------------------------------
mpiexec noticed that process rank 7 with PID 114729 on node polus-c2-ib exited on signal 11 (Segmentation fault).
--------------------------------------------------------------------------


PS:

Read file <gauss-mpi_O2.1504478.err> for stderr output of this job.

