Sender: LSF System <lsfadmin@polus-c4-ib.bmc.hpc.cs.msu.ru>
Subject: Job 1502851: <# this file was automaticly created by mpisubmit.pl script for edu-cmc-skpod25-325-02 #;source /polusfs/setenv/setup.SMPI;#BSUB -n 20;#BSUB -W 00:20;#BSUB -o ../scaling_results/mpi_N12000_p20_run2.out;#BSUB -e gauss-mpi_O2.%J.err;OMP_NUM_THREADS=1 mpiexec ../builds/gauss-mpi_O2 12000 10> in cluster <MSUCluster> Exited

Job <# this file was automaticly created by mpisubmit.pl script for edu-cmc-skpod25-325-02 #;source /polusfs/setenv/setup.SMPI;#BSUB -n 20;#BSUB -W 00:20;#BSUB -o ../scaling_results/mpi_N12000_p20_run2.out;#BSUB -e gauss-mpi_O2.%J.err;OMP_NUM_THREADS=1 mpiexec ../builds/gauss-mpi_O2 12000 10> was submitted from host <polus-ib.bmc.hpc.cs.msu.ru> by user <edu-cmc-skpod25-325-02> in cluster <MSUCluster> at Fri Dec 19 18:20:02 2025
Job was executed on host(s) <7*polus-c4-ib.bmc.hpc.cs.msu.ru>, in queue <short>, as user <edu-cmc-skpod25-325-02> in cluster <MSUCluster> at Fri Dec 19 18:38:42 2025
                            <8*polus-c3-ib.bmc.hpc.cs.msu.ru>
                            <5*polus-c2-ib.bmc.hpc.cs.msu.ru>
</home_edu/edu-cmc-skpod25-325/edu-cmc-skpod25-325-02> was used as the home directory.
</home_edu/edu-cmc-skpod25-325/edu-cmc-skpod25-325-02/gauss/scripts> was used as the working directory.
Started at Fri Dec 19 18:38:42 2025
Terminated at Fri Dec 19 18:38:45 2025
Results reported at Fri Dec 19 18:38:45 2025

Your job looked like:

------------------------------------------------------------
# LSBATCH: User input
# this file was automaticly created by mpisubmit.pl script for edu-cmc-skpod25-325-02 #
source /polusfs/setenv/setup.SMPI
#BSUB -n 20
#BSUB -W 00:20
#BSUB -o ../scaling_results/mpi_N12000_p20_run2.out
#BSUB -e gauss-mpi_O2.%J.err
OMP_NUM_THREADS=1 mpiexec ../builds/gauss-mpi_O2 12000 10

------------------------------------------------------------

Exited with exit code 139.

Resource usage summary:

    CPU time :                                   6.00 sec.
    Max Memory :                                 772 MB
    Average Memory :                             516.00 MB
    Total Requested Memory :                     -
    Delta Memory :                               -
    Max Swap :                                   -
    Max Processes :                              11
    Max Threads :                                30
    Run time :                                   3 sec.
    Turnaround time :                            1123 sec.

The output (if any) follows:

--------------------------------------------------------------------------
mpiexec noticed that process rank 19 with PID 66928 on node polus-c2-ib exited on signal 11 (Segmentation fault).
--------------------------------------------------------------------------


PS:

Read file <gauss-mpi_O2.1502851.err> for stderr output of this job.

Sender: LSF System <lsfadmin@polus-c2-ib.bmc.hpc.cs.msu.ru>
Subject: Job 1504522: <# this file was automaticly created by mpisubmit.pl script for edu-cmc-skpod25-325-02 #;source /polusfs/setenv/setup.SMPI;#BSUB -n 20;#BSUB -W 00:20;#BSUB -o ../scaling_results/mpi_N12000_p20_run2.out;#BSUB -e gauss-mpi_O2.%J.err;OMP_NUM_THREADS=1 mpiexec ../builds/gauss-mpi_O2 12000 10> in cluster <MSUCluster> Exited

Job <# this file was automaticly created by mpisubmit.pl script for edu-cmc-skpod25-325-02 #;source /polusfs/setenv/setup.SMPI;#BSUB -n 20;#BSUB -W 00:20;#BSUB -o ../scaling_results/mpi_N12000_p20_run2.out;#BSUB -e gauss-mpi_O2.%J.err;OMP_NUM_THREADS=1 mpiexec ../builds/gauss-mpi_O2 12000 10> was submitted from host <polus-ib.bmc.hpc.cs.msu.ru> by user <edu-cmc-skpod25-325-02> in cluster <MSUCluster> at Fri Dec 19 20:14:49 2025
Job was executed on host(s) <13*polus-c2-ib.bmc.hpc.cs.msu.ru>, in queue <short>, as user <edu-cmc-skpod25-325-02> in cluster <MSUCluster> at Fri Dec 19 20:26:40 2025
                            <7*polus-c4-ib.bmc.hpc.cs.msu.ru>
</home_edu/edu-cmc-skpod25-325/edu-cmc-skpod25-325-02> was used as the home directory.
</home_edu/edu-cmc-skpod25-325/edu-cmc-skpod25-325-02/gauss/scripts> was used as the working directory.
Started at Fri Dec 19 20:26:40 2025
Terminated at Fri Dec 19 20:26:42 2025
Results reported at Fri Dec 19 20:26:42 2025

Your job looked like:

------------------------------------------------------------
# LSBATCH: User input
# this file was automaticly created by mpisubmit.pl script for edu-cmc-skpod25-325-02 #
source /polusfs/setenv/setup.SMPI
#BSUB -n 20
#BSUB -W 00:20
#BSUB -o ../scaling_results/mpi_N12000_p20_run2.out
#BSUB -e gauss-mpi_O2.%J.err
OMP_NUM_THREADS=1 mpiexec ../builds/gauss-mpi_O2 12000 10

------------------------------------------------------------

Exited with exit code 139.

Resource usage summary:

    CPU time :                                   11.00 sec.
    Max Memory :                                 1416 MB
    Average Memory :                             944.33 MB
    Total Requested Memory :                     -
    Delta Memory :                               -
    Max Swap :                                   -
    Max Processes :                              17
    Max Threads :                                48
    Run time :                                   2 sec.
    Turnaround time :                            713 sec.

The output (if any) follows:

--------------------------------------------------------------------------
mpiexec noticed that process rank 19 with PID 103004 on node polus-c4-ib exited on signal 11 (Segmentation fault).
--------------------------------------------------------------------------


PS:

Read file <gauss-mpi_O2.1504522.err> for stderr output of this job.

