Sender: LSF System <lsfadmin@polus-c4-ib.bmc.hpc.cs.msu.ru>
Subject: Job 1502752: <# this file was automaticly created by mpisubmit.pl script for edu-cmc-skpod25-325-02 #;source /polusfs/setenv/setup.SMPI;#BSUB -n 1;#BSUB -W 00:20;#BSUB -o ../scaling_results/omp-task_N4000_t2_run2.out;#BSUB -e env.%J.err;OMP_NUM_THREADS=2 mpiexec env OMP_NUM_THREADS=2 ../builds/gauss-omp-task_O2 4000 10> in cluster <MSUCluster> Done

Job <# this file was automaticly created by mpisubmit.pl script for edu-cmc-skpod25-325-02 #;source /polusfs/setenv/setup.SMPI;#BSUB -n 1;#BSUB -W 00:20;#BSUB -o ../scaling_results/omp-task_N4000_t2_run2.out;#BSUB -e env.%J.err;OMP_NUM_THREADS=2 mpiexec env OMP_NUM_THREADS=2 ../builds/gauss-omp-task_O2 4000 10> was submitted from host <polus-ib.bmc.hpc.cs.msu.ru> by user <edu-cmc-skpod25-325-02> in cluster <MSUCluster> at Fri Dec 19 18:19:58 2025
Job was executed on host(s) <polus-c4-ib.bmc.hpc.cs.msu.ru>, in queue <short>, as user <edu-cmc-skpod25-325-02> in cluster <MSUCluster> at Fri Dec 19 18:25:32 2025
</home_edu/edu-cmc-skpod25-325/edu-cmc-skpod25-325-02> was used as the home directory.
</home_edu/edu-cmc-skpod25-325/edu-cmc-skpod25-325-02/gauss/scripts> was used as the working directory.
Started at Fri Dec 19 18:25:32 2025
Terminated at Fri Dec 19 18:25:35 2025
Results reported at Fri Dec 19 18:25:35 2025

Your job looked like:

------------------------------------------------------------
# LSBATCH: User input
# this file was automaticly created by mpisubmit.pl script for edu-cmc-skpod25-325-02 #
source /polusfs/setenv/setup.SMPI
#BSUB -n 1
#BSUB -W 00:20
#BSUB -o ../scaling_results/omp-task_N4000_t2_run2.out
#BSUB -e env.%J.err
OMP_NUM_THREADS=2 mpiexec env OMP_NUM_THREADS=2 ../builds/gauss-omp-task_O2 4000 10

------------------------------------------------------------

Successfully completed.

Resource usage summary:

    CPU time :                                   1.89 sec.
    Max Memory :                                 142 MB
    Average Memory :                             94.67 MB
    Total Requested Memory :                     -
    Delta Memory :                               -
    Max Swap :                                   -
    Max Processes :                              5
    Max Threads :                                11
    Run time :                                   2 sec.
    Turnaround time :                            337 sec.

The output (if any) follows:

Time=1.31799
X=(1, 1, 1, 1, 1, 1, 1, 1, 1, ...)


PS:

Read file <env.1502752.err> for stderr output of this job.

Sender: LSF System <lsfadmin@polus-c4-ib.bmc.hpc.cs.msu.ru>
Subject: Job 1504420: <# this file was automaticly created by mpisubmit.pl script for edu-cmc-skpod25-325-02 #;source /polusfs/setenv/setup.SMPI;#BSUB -n 1;#BSUB -W 00:20;#BSUB -o ../scaling_results/omp-task_N4000_t2_run2.out;#BSUB -e env.%J.err;OMP_NUM_THREADS=2 mpiexec env OMP_NUM_THREADS=2 ../builds/gauss-omp-task_O2 4000 10> in cluster <MSUCluster> Done

Job <# this file was automaticly created by mpisubmit.pl script for edu-cmc-skpod25-325-02 #;source /polusfs/setenv/setup.SMPI;#BSUB -n 1;#BSUB -W 00:20;#BSUB -o ../scaling_results/omp-task_N4000_t2_run2.out;#BSUB -e env.%J.err;OMP_NUM_THREADS=2 mpiexec env OMP_NUM_THREADS=2 ../builds/gauss-omp-task_O2 4000 10> was submitted from host <polus-ib.bmc.hpc.cs.msu.ru> by user <edu-cmc-skpod25-325-02> in cluster <MSUCluster> at Fri Dec 19 20:13:25 2025
Job was executed on host(s) <polus-c4-ib.bmc.hpc.cs.msu.ru>, in queue <short>, as user <edu-cmc-skpod25-325-02> in cluster <MSUCluster> at Fri Dec 19 20:14:47 2025
</home_edu/edu-cmc-skpod25-325/edu-cmc-skpod25-325-02> was used as the home directory.
</home_edu/edu-cmc-skpod25-325/edu-cmc-skpod25-325-02/gauss/scripts> was used as the working directory.
Started at Fri Dec 19 20:14:47 2025
Terminated at Fri Dec 19 20:14:49 2025
Results reported at Fri Dec 19 20:14:49 2025

Your job looked like:

------------------------------------------------------------
# LSBATCH: User input
# this file was automaticly created by mpisubmit.pl script for edu-cmc-skpod25-325-02 #
source /polusfs/setenv/setup.SMPI
#BSUB -n 1
#BSUB -W 00:20
#BSUB -o ../scaling_results/omp-task_N4000_t2_run2.out
#BSUB -e env.%J.err
OMP_NUM_THREADS=2 mpiexec env OMP_NUM_THREADS=2 ../builds/gauss-omp-task_O2 4000 10

------------------------------------------------------------

Successfully completed.

Resource usage summary:

    CPU time :                                   1.01 sec.
    Max Memory :                                 6 MB
    Average Memory :                             5.00 MB
    Total Requested Memory :                     -
    Delta Memory :                               -
    Max Swap :                                   -
    Max Processes :                              4
    Max Threads :                                5
    Run time :                                   1 sec.
    Turnaround time :                            84 sec.

The output (if any) follows:

Time=0.397792
X=(1, 1, 1, 1, 1, 1, 1, 1, 1, ...)


PS:

Read file <env.1504420.err> for stderr output of this job.

