Sender: LSF System <lsfadmin@polus-c4-ib.bmc.hpc.cs.msu.ru>
Subject: Job 1502792: <# this file was automaticly created by mpisubmit.pl script for edu-cmc-skpod25-325-02 #;source /polusfs/setenv/setup.SMPI;#BSUB -n 1;#BSUB -W 00:20;#BSUB -o ../scaling_results/omp-task_N16000_t4_run3.out;#BSUB -e env.%J.err;OMP_NUM_THREADS=4 mpiexec env OMP_NUM_THREADS=4 ../builds/gauss-omp-task_O2 16000 10> in cluster <MSUCluster> Done

Job <# this file was automaticly created by mpisubmit.pl script for edu-cmc-skpod25-325-02 #;source /polusfs/setenv/setup.SMPI;#BSUB -n 1;#BSUB -W 00:20;#BSUB -o ../scaling_results/omp-task_N16000_t4_run3.out;#BSUB -e env.%J.err;OMP_NUM_THREADS=4 mpiexec env OMP_NUM_THREADS=4 ../builds/gauss-omp-task_O2 16000 10> was submitted from host <polus-ib.bmc.hpc.cs.msu.ru> by user <edu-cmc-skpod25-325-02> in cluster <MSUCluster> at Fri Dec 19 18:20:00 2025
Job was executed on host(s) <polus-c4-ib.bmc.hpc.cs.msu.ru>, in queue <short>, as user <edu-cmc-skpod25-325-02> in cluster <MSUCluster> at Fri Dec 19 18:31:04 2025
</home_edu/edu-cmc-skpod25-325/edu-cmc-skpod25-325-02> was used as the home directory.
</home_edu/edu-cmc-skpod25-325/edu-cmc-skpod25-325-02/gauss/scripts> was used as the working directory.
Started at Fri Dec 19 18:31:04 2025
Terminated at Fri Dec 19 18:31:40 2025
Results reported at Fri Dec 19 18:31:40 2025

Your job looked like:

------------------------------------------------------------
# LSBATCH: User input
# this file was automaticly created by mpisubmit.pl script for edu-cmc-skpod25-325-02 #
source /polusfs/setenv/setup.SMPI
#BSUB -n 1
#BSUB -W 00:20
#BSUB -o ../scaling_results/omp-task_N16000_t4_run3.out
#BSUB -e env.%J.err
OMP_NUM_THREADS=4 mpiexec env OMP_NUM_THREADS=4 ../builds/gauss-omp-task_O2 16000 10

------------------------------------------------------------

Successfully completed.

Resource usage summary:

    CPU time :                                   39.92 sec.
    Max Memory :                                 1973 MB
    Average Memory :                             1691.29 MB
    Total Requested Memory :                     -
    Delta Memory :                               -
    Max Swap :                                   -
    Max Processes :                              5
    Max Threads :                                13
    Run time :                                   36 sec.
    Turnaround time :                            700 sec.

The output (if any) follows:

Time=33.3613
X=(1, 1, 1, 1, 1, 1, 1, 1, 1, ...)


PS:

Read file <env.1502792.err> for stderr output of this job.

Sender: LSF System <lsfadmin@polus-c4-ib.bmc.hpc.cs.msu.ru>
Subject: Job 1504461: <# this file was automaticly created by mpisubmit.pl script for edu-cmc-skpod25-325-02 #;source /polusfs/setenv/setup.SMPI;#BSUB -n 1;#BSUB -W 00:20;#BSUB -o ../scaling_results/omp-task_N16000_t4_run3.out;#BSUB -e env.%J.err;OMP_NUM_THREADS=4 mpiexec env OMP_NUM_THREADS=4 ../builds/gauss-omp-task_O2 16000 10> in cluster <MSUCluster> Done

Job <# this file was automaticly created by mpisubmit.pl script for edu-cmc-skpod25-325-02 #;source /polusfs/setenv/setup.SMPI;#BSUB -n 1;#BSUB -W 00:20;#BSUB -o ../scaling_results/omp-task_N16000_t4_run3.out;#BSUB -e env.%J.err;OMP_NUM_THREADS=4 mpiexec env OMP_NUM_THREADS=4 ../builds/gauss-omp-task_O2 16000 10> was submitted from host <polus-ib.bmc.hpc.cs.msu.ru> by user <edu-cmc-skpod25-325-02> in cluster <MSUCluster> at Fri Dec 19 20:14:02 2025
Job was executed on host(s) <polus-c4-ib.bmc.hpc.cs.msu.ru>, in queue <short>, as user <edu-cmc-skpod25-325-02> in cluster <MSUCluster> at Fri Dec 19 20:16:43 2025
</home_edu/edu-cmc-skpod25-325/edu-cmc-skpod25-325-02> was used as the home directory.
</home_edu/edu-cmc-skpod25-325/edu-cmc-skpod25-325-02/gauss/scripts> was used as the working directory.
Started at Fri Dec 19 20:16:43 2025
Terminated at Fri Dec 19 20:16:53 2025
Results reported at Fri Dec 19 20:16:53 2025

Your job looked like:

------------------------------------------------------------
# LSBATCH: User input
# this file was automaticly created by mpisubmit.pl script for edu-cmc-skpod25-325-02 #
source /polusfs/setenv/setup.SMPI
#BSUB -n 1
#BSUB -W 00:20
#BSUB -o ../scaling_results/omp-task_N16000_t4_run3.out
#BSUB -e env.%J.err
OMP_NUM_THREADS=4 mpiexec env OMP_NUM_THREADS=4 ../builds/gauss-omp-task_O2 16000 10

------------------------------------------------------------

Successfully completed.

Resource usage summary:

    CPU time :                                   23.36 sec.
    Max Memory :                                 1973 MB
    Average Memory :                             1480.00 MB
    Total Requested Memory :                     -
    Delta Memory :                               -
    Max Swap :                                   -
    Max Processes :                              5
    Max Threads :                                13
    Run time :                                   9 sec.
    Turnaround time :                            171 sec.

The output (if any) follows:

Time=7.98871
X=(1, 1, 1, 1, 1, 1, 1, 1, 1, ...)


PS:

Read file <env.1504461.err> for stderr output of this job.

