Sender: LSF System <lsfadmin@polus-c4-ib.bmc.hpc.cs.msu.ru>
Subject: Job 1502710: <# this file was automaticly created by mpisubmit.pl script for edu-cmc-skpod25-325-02 #;source /polusfs/setenv/setup.SMPI;#BSUB -n 1;#BSUB -W 00:20;#BSUB -o ../scaling_results/omp-for_N4000_t8_run2.out;#BSUB -e env.%J.err;OMP_NUM_THREADS=8 mpiexec env OMP_NUM_THREADS=8 ../builds/gauss-omp-for_O2 4000 10> in cluster <MSUCluster> Done

Job <# this file was automaticly created by mpisubmit.pl script for edu-cmc-skpod25-325-02 #;source /polusfs/setenv/setup.SMPI;#BSUB -n 1;#BSUB -W 00:20;#BSUB -o ../scaling_results/omp-for_N4000_t8_run2.out;#BSUB -e env.%J.err;OMP_NUM_THREADS=8 mpiexec env OMP_NUM_THREADS=8 ../builds/gauss-omp-for_O2 4000 10> was submitted from host <polus-ib.bmc.hpc.cs.msu.ru> by user <edu-cmc-skpod25-325-02> in cluster <MSUCluster> at Fri Dec 19 18:19:57 2025
Job was executed on host(s) <polus-c4-ib.bmc.hpc.cs.msu.ru>, in queue <short>, as user <edu-cmc-skpod25-325-02> in cluster <MSUCluster> at Fri Dec 19 18:20:29 2025
</home_edu/edu-cmc-skpod25-325/edu-cmc-skpod25-325-02> was used as the home directory.
</home_edu/edu-cmc-skpod25-325/edu-cmc-skpod25-325-02/gauss/scripts> was used as the working directory.
Started at Fri Dec 19 18:20:29 2025
Terminated at Fri Dec 19 18:20:38 2025
Results reported at Fri Dec 19 18:20:38 2025

Your job looked like:

------------------------------------------------------------
# LSBATCH: User input
# this file was automaticly created by mpisubmit.pl script for edu-cmc-skpod25-325-02 #
source /polusfs/setenv/setup.SMPI
#BSUB -n 1
#BSUB -W 00:20
#BSUB -o ../scaling_results/omp-for_N4000_t8_run2.out
#BSUB -e env.%J.err
OMP_NUM_THREADS=8 mpiexec env OMP_NUM_THREADS=8 ../builds/gauss-omp-for_O2 4000 10

------------------------------------------------------------

Successfully completed.

Resource usage summary:

    CPU time :                                   7.93 sec.
    Max Memory :                                 142 MB
    Average Memory :                             107.50 MB
    Total Requested Memory :                     -
    Delta Memory :                               -
    Max Swap :                                   -
    Max Processes :                              5
    Max Threads :                                17
    Run time :                                   7 sec.
    Turnaround time :                            41 sec.

The output (if any) follows:

Time=2.79628
X=(1, 1, 1, 1, 1, 1, 1, 1, 1, ...)


PS:

Read file <env.1502710.err> for stderr output of this job.

Sender: LSF System <lsfadmin@polus-c4-ib.bmc.hpc.cs.msu.ru>
Subject: Job 1504330: <# this file was automaticly created by mpisubmit.pl script for edu-cmc-skpod25-325-02 #;source /polusfs/setenv/setup.SMPI;#BSUB -n 1;#BSUB -W 00:20;#BSUB -o ../scaling_results/omp-for_N4000_t8_run2.out;#BSUB -e env.%J.err;OMP_NUM_THREADS=8 mpiexec env OMP_NUM_THREADS=8 ../builds/gauss-omp-for_O2 4000 10> in cluster <MSUCluster> Done

Job <# this file was automaticly created by mpisubmit.pl script for edu-cmc-skpod25-325-02 #;source /polusfs/setenv/setup.SMPI;#BSUB -n 1;#BSUB -W 00:20;#BSUB -o ../scaling_results/omp-for_N4000_t8_run2.out;#BSUB -e env.%J.err;OMP_NUM_THREADS=8 mpiexec env OMP_NUM_THREADS=8 ../builds/gauss-omp-for_O2 4000 10> was submitted from host <polus-ib.bmc.hpc.cs.msu.ru> by user <edu-cmc-skpod25-325-02> in cluster <MSUCluster> at Fri Dec 19 20:12:45 2025
Job was executed on host(s) <polus-c4-ib.bmc.hpc.cs.msu.ru>, in queue <short>, as user <edu-cmc-skpod25-325-02> in cluster <MSUCluster> at Fri Dec 19 20:12:48 2025
</home_edu/edu-cmc-skpod25-325/edu-cmc-skpod25-325-02> was used as the home directory.
</home_edu/edu-cmc-skpod25-325/edu-cmc-skpod25-325-02/gauss/scripts> was used as the working directory.
Started at Fri Dec 19 20:12:48 2025
Terminated at Fri Dec 19 20:12:49 2025
Results reported at Fri Dec 19 20:12:49 2025

Your job looked like:

------------------------------------------------------------
# LSBATCH: User input
# this file was automaticly created by mpisubmit.pl script for edu-cmc-skpod25-325-02 #
source /polusfs/setenv/setup.SMPI
#BSUB -n 1
#BSUB -W 00:20
#BSUB -o ../scaling_results/omp-for_N4000_t8_run2.out
#BSUB -e env.%J.err
OMP_NUM_THREADS=8 mpiexec env OMP_NUM_THREADS=8 ../builds/gauss-omp-for_O2 4000 10

------------------------------------------------------------

Successfully completed.

Resource usage summary:

    CPU time :                                   1.21 sec.
    Max Memory :                                 1 MB
    Average Memory :                             1.00 MB
    Total Requested Memory :                     -
    Delta Memory :                               -
    Max Swap :                                   -
    Max Processes :                              1
    Max Threads :                                1
    Run time :                                   1 sec.
    Turnaround time :                            4 sec.

The output (if any) follows:

Time=0.119054
X=(1, 1, 1, 1, 1, 1, 1, 1, 1, ...)


PS:

Read file <env.1504330.err> for stderr output of this job.

