Sender: LSF System <lsfadmin@polus-c4-ib.bmc.hpc.cs.msu.ru>
Subject: Job 1502729: <# this file was automaticly created by mpisubmit.pl script for edu-cmc-skpod25-325-02 #;source /polusfs/setenv/setup.SMPI;#BSUB -n 1;#BSUB -W 00:20;#BSUB -o ../scaling_results/omp-for_N12000_t2_run3.out;#BSUB -e env.%J.err;OMP_NUM_THREADS=2 mpiexec env OMP_NUM_THREADS=2 ../builds/gauss-omp-for_O2 12000 10> in cluster <MSUCluster> Done

Job <# this file was automaticly created by mpisubmit.pl script for edu-cmc-skpod25-325-02 #;source /polusfs/setenv/setup.SMPI;#BSUB -n 1;#BSUB -W 00:20;#BSUB -o ../scaling_results/omp-for_N12000_t2_run3.out;#BSUB -e env.%J.err;OMP_NUM_THREADS=2 mpiexec env OMP_NUM_THREADS=2 ../builds/gauss-omp-for_O2 12000 10> was submitted from host <polus-ib.bmc.hpc.cs.msu.ru> by user <edu-cmc-skpod25-325-02> in cluster <MSUCluster> at Fri Dec 19 18:19:57 2025
Job was executed on host(s) <polus-c4-ib.bmc.hpc.cs.msu.ru>, in queue <short>, as user <edu-cmc-skpod25-325-02> in cluster <MSUCluster> at Fri Dec 19 18:21:56 2025
</home_edu/edu-cmc-skpod25-325/edu-cmc-skpod25-325-02> was used as the home directory.
</home_edu/edu-cmc-skpod25-325/edu-cmc-skpod25-325-02/gauss/scripts> was used as the working directory.
Started at Fri Dec 19 18:21:56 2025
Terminated at Fri Dec 19 18:22:21 2025
Results reported at Fri Dec 19 18:22:21 2025

Your job looked like:

------------------------------------------------------------
# LSBATCH: User input
# this file was automaticly created by mpisubmit.pl script for edu-cmc-skpod25-325-02 #
source /polusfs/setenv/setup.SMPI
#BSUB -n 1
#BSUB -W 00:20
#BSUB -o ../scaling_results/omp-for_N12000_t2_run3.out
#BSUB -e env.%J.err
OMP_NUM_THREADS=2 mpiexec env OMP_NUM_THREADS=2 ../builds/gauss-omp-for_O2 12000 10

------------------------------------------------------------

Successfully completed.

Resource usage summary:

    CPU time :                                   15.52 sec.
    Max Memory :                                 1118 MB
    Average Memory :                             895.20 MB
    Total Requested Memory :                     -
    Delta Memory :                               -
    Max Swap :                                   -
    Max Processes :                              5
    Max Threads :                                11
    Run time :                                   24 sec.
    Turnaround time :                            144 sec.

The output (if any) follows:

Time=19.5707
X=(1, 1, 1, 1, 1, 1, 1, 1, 1, ...)


PS:

Read file <env.1502729.err> for stderr output of this job.

Sender: LSF System <lsfadmin@polus-c4-ib.bmc.hpc.cs.msu.ru>
Subject: Job 1504349: <# this file was automaticly created by mpisubmit.pl script for edu-cmc-skpod25-325-02 #;source /polusfs/setenv/setup.SMPI;#BSUB -n 1;#BSUB -W 00:20;#BSUB -o ../scaling_results/omp-for_N12000_t2_run3.out;#BSUB -e env.%J.err;OMP_NUM_THREADS=2 mpiexec env OMP_NUM_THREADS=2 ../builds/gauss-omp-for_O2 12000 10> in cluster <MSUCluster> Done

Job <# this file was automaticly created by mpisubmit.pl script for edu-cmc-skpod25-325-02 #;source /polusfs/setenv/setup.SMPI;#BSUB -n 1;#BSUB -W 00:20;#BSUB -o ../scaling_results/omp-for_N12000_t2_run3.out;#BSUB -e env.%J.err;OMP_NUM_THREADS=2 mpiexec env OMP_NUM_THREADS=2 ../builds/gauss-omp-for_O2 12000 10> was submitted from host <polus-ib.bmc.hpc.cs.msu.ru> by user <edu-cmc-skpod25-325-02> in cluster <MSUCluster> at Fri Dec 19 20:12:57 2025
Job was executed on host(s) <polus-c4-ib.bmc.hpc.cs.msu.ru>, in queue <short>, as user <edu-cmc-skpod25-325-02> in cluster <MSUCluster> at Fri Dec 19 20:13:22 2025
</home_edu/edu-cmc-skpod25-325/edu-cmc-skpod25-325-02> was used as the home directory.
</home_edu/edu-cmc-skpod25-325/edu-cmc-skpod25-325-02/gauss/scripts> was used as the working directory.
Started at Fri Dec 19 20:13:22 2025
Terminated at Fri Dec 19 20:13:27 2025
Results reported at Fri Dec 19 20:13:27 2025

Your job looked like:

------------------------------------------------------------
# LSBATCH: User input
# this file was automaticly created by mpisubmit.pl script for edu-cmc-skpod25-325-02 #
source /polusfs/setenv/setup.SMPI
#BSUB -n 1
#BSUB -W 00:20
#BSUB -o ../scaling_results/omp-for_N12000_t2_run3.out
#BSUB -e env.%J.err
OMP_NUM_THREADS=2 mpiexec env OMP_NUM_THREADS=2 ../builds/gauss-omp-for_O2 12000 10

------------------------------------------------------------

Successfully completed.

Resource usage summary:

    CPU time :                                   7.97 sec.
    Max Memory :                                 1118 MB
    Average Memory :                             745.67 MB
    Total Requested Memory :                     -
    Delta Memory :                               -
    Max Swap :                                   -
    Max Processes :                              5
    Max Threads :                                11
    Run time :                                   5 sec.
    Turnaround time :                            30 sec.

The output (if any) follows:

Time=3.77501
X=(1, 1, 1, 1, 1, 1, 1, 1, 1, ...)


PS:

Read file <env.1504349.err> for stderr output of this job.

