Sender: LSF System <lsfadmin@polus-c4-ib.bmc.hpc.cs.msu.ru>
Subject: Job 1502784: <# this file was automaticly created by mpisubmit.pl script for edu-cmc-skpod25-325-02 #;source /polusfs/setenv/setup.SMPI;#BSUB -n 1;#BSUB -W 00:20;#BSUB -o ../scaling_results/omp-task_N16000_t1_run1.out;#BSUB -e env.%J.err;OMP_NUM_THREADS=1 mpiexec env OMP_NUM_THREADS=1 ../builds/gauss-omp-task_O2 16000 10> in cluster <MSUCluster> Done

Job <# this file was automaticly created by mpisubmit.pl script for edu-cmc-skpod25-325-02 #;source /polusfs/setenv/setup.SMPI;#BSUB -n 1;#BSUB -W 00:20;#BSUB -o ../scaling_results/omp-task_N16000_t1_run1.out;#BSUB -e env.%J.err;OMP_NUM_THREADS=1 mpiexec env OMP_NUM_THREADS=1 ../builds/gauss-omp-task_O2 16000 10> was submitted from host <polus-ib.bmc.hpc.cs.msu.ru> by user <edu-cmc-skpod25-325-02> in cluster <MSUCluster> at Fri Dec 19 18:19:59 2025
Job was executed on host(s) <polus-c4-ib.bmc.hpc.cs.msu.ru>, in queue <short>, as user <edu-cmc-skpod25-325-02> in cluster <MSUCluster> at Fri Dec 19 18:29:01 2025
</home_edu/edu-cmc-skpod25-325/edu-cmc-skpod25-325-02> was used as the home directory.
</home_edu/edu-cmc-skpod25-325/edu-cmc-skpod25-325-02/gauss/scripts> was used as the working directory.
Started at Fri Dec 19 18:29:01 2025
Terminated at Fri Dec 19 18:29:58 2025
Results reported at Fri Dec 19 18:29:58 2025

Your job looked like:

------------------------------------------------------------
# LSBATCH: User input
# this file was automaticly created by mpisubmit.pl script for edu-cmc-skpod25-325-02 #
source /polusfs/setenv/setup.SMPI
#BSUB -n 1
#BSUB -W 00:20
#BSUB -o ../scaling_results/omp-task_N16000_t1_run1.out
#BSUB -e env.%J.err
OMP_NUM_THREADS=1 mpiexec env OMP_NUM_THREADS=1 ../builds/gauss-omp-task_O2 16000 10

------------------------------------------------------------

Successfully completed.

Resource usage summary:

    CPU time :                                   24.99 sec.
    Max Memory :                                 1972 MB
    Average Memory :                             1753.33 MB
    Total Requested Memory :                     -
    Delta Memory :                               -
    Max Swap :                                   -
    Max Processes :                              5
    Max Threads :                                10
    Run time :                                   58 sec.
    Turnaround time :                            599 sec.

The output (if any) follows:

Time=53.8451
X=(1, 1, 1, 1, 1, 1, 1, 1, 1, ...)


PS:

Read file <env.1502784.err> for stderr output of this job.

Sender: LSF System <lsfadmin@polus-c2-ib.bmc.hpc.cs.msu.ru>
Subject: Job 1504453: <# this file was automaticly created by mpisubmit.pl script for edu-cmc-skpod25-325-02 #;source /polusfs/setenv/setup.SMPI;#BSUB -n 1;#BSUB -W 00:20;#BSUB -o ../scaling_results/omp-task_N16000_t1_run1.out;#BSUB -e env.%J.err;OMP_NUM_THREADS=1 mpiexec env OMP_NUM_THREADS=1 ../builds/gauss-omp-task_O2 16000 10> in cluster <MSUCluster> Done

Job <# this file was automaticly created by mpisubmit.pl script for edu-cmc-skpod25-325-02 #;source /polusfs/setenv/setup.SMPI;#BSUB -n 1;#BSUB -W 00:20;#BSUB -o ../scaling_results/omp-task_N16000_t1_run1.out;#BSUB -e env.%J.err;OMP_NUM_THREADS=1 mpiexec env OMP_NUM_THREADS=1 ../builds/gauss-omp-task_O2 16000 10> was submitted from host <polus-ib.bmc.hpc.cs.msu.ru> by user <edu-cmc-skpod25-325-02> in cluster <MSUCluster> at Fri Dec 19 20:13:58 2025
Job was executed on host(s) <polus-c2-ib.bmc.hpc.cs.msu.ru>, in queue <short>, as user <edu-cmc-skpod25-325-02> in cluster <MSUCluster> at Fri Dec 19 20:15:48 2025
</home_edu/edu-cmc-skpod25-325/edu-cmc-skpod25-325-02> was used as the home directory.
</home_edu/edu-cmc-skpod25-325/edu-cmc-skpod25-325-02/gauss/scripts> was used as the working directory.
Started at Fri Dec 19 20:15:48 2025
Terminated at Fri Dec 19 20:16:23 2025
Results reported at Fri Dec 19 20:16:23 2025

Your job looked like:

------------------------------------------------------------
# LSBATCH: User input
# this file was automaticly created by mpisubmit.pl script for edu-cmc-skpod25-325-02 #
source /polusfs/setenv/setup.SMPI
#BSUB -n 1
#BSUB -W 00:20
#BSUB -o ../scaling_results/omp-task_N16000_t1_run1.out
#BSUB -e env.%J.err
OMP_NUM_THREADS=1 mpiexec env OMP_NUM_THREADS=1 ../builds/gauss-omp-task_O2 16000 10

------------------------------------------------------------

Successfully completed.

Resource usage summary:

    CPU time :                                   24.55 sec.
    Max Memory :                                 1972 MB
    Average Memory :                             1690.43 MB
    Total Requested Memory :                     -
    Delta Memory :                               -
    Max Swap :                                   -
    Max Processes :                              5
    Max Threads :                                10
    Run time :                                   37 sec.
    Turnaround time :                            145 sec.

The output (if any) follows:

Time=31.9798
X=(1, 1, 1, 1, 1, 1, 1, 1, 1, ...)


PS:

Read file <env.1504453.err> for stderr output of this job.

