Sender: LSF System <lsfadmin@polus-c4-ib.bmc.hpc.cs.msu.ru>
Subject: Job 1502786: <# this file was automaticly created by mpisubmit.pl script for edu-cmc-skpod25-325-02 #;source /polusfs/setenv/setup.SMPI;#BSUB -n 1;#BSUB -W 00:20;#BSUB -o ../scaling_results/omp-task_N16000_t1_run3.out;#BSUB -e env.%J.err;OMP_NUM_THREADS=1 mpiexec env OMP_NUM_THREADS=1 ../builds/gauss-omp-task_O2 16000 10> in cluster <MSUCluster> Done

Job <# this file was automaticly created by mpisubmit.pl script for edu-cmc-skpod25-325-02 #;source /polusfs/setenv/setup.SMPI;#BSUB -n 1;#BSUB -W 00:20;#BSUB -o ../scaling_results/omp-task_N16000_t1_run3.out;#BSUB -e env.%J.err;OMP_NUM_THREADS=1 mpiexec env OMP_NUM_THREADS=1 ../builds/gauss-omp-task_O2 16000 10> was submitted from host <polus-ib.bmc.hpc.cs.msu.ru> by user <edu-cmc-skpod25-325-02> in cluster <MSUCluster> at Fri Dec 19 18:19:59 2025
Job was executed on host(s) <polus-c4-ib.bmc.hpc.cs.msu.ru>, in queue <short>, as user <edu-cmc-skpod25-325-02> in cluster <MSUCluster> at Fri Dec 19 18:29:46 2025
</home_edu/edu-cmc-skpod25-325/edu-cmc-skpod25-325-02> was used as the home directory.
</home_edu/edu-cmc-skpod25-325/edu-cmc-skpod25-325-02/gauss/scripts> was used as the working directory.
Started at Fri Dec 19 18:29:46 2025
Terminated at Fri Dec 19 18:30:38 2025
Results reported at Fri Dec 19 18:30:38 2025

Your job looked like:

------------------------------------------------------------
# LSBATCH: User input
# this file was automaticly created by mpisubmit.pl script for edu-cmc-skpod25-325-02 #
source /polusfs/setenv/setup.SMPI
#BSUB -n 1
#BSUB -W 00:20
#BSUB -o ../scaling_results/omp-task_N16000_t1_run3.out
#BSUB -e env.%J.err
OMP_NUM_THREADS=1 mpiexec env OMP_NUM_THREADS=1 ../builds/gauss-omp-task_O2 16000 10

------------------------------------------------------------

Successfully completed.

Resource usage summary:

    CPU time :                                   18.09 sec.
    Max Memory :                                 1972 MB
    Average Memory :                             1753.33 MB
    Total Requested Memory :                     -
    Delta Memory :                               -
    Max Swap :                                   -
    Max Processes :                              5
    Max Threads :                                10
    Run time :                                   52 sec.
    Turnaround time :                            639 sec.

The output (if any) follows:

Time=50.1793
X=(1, 1, 1, 1, 1, 1, 1, 1, 1, ...)


PS:

Read file <env.1502786.err> for stderr output of this job.

Sender: LSF System <lsfadmin@polus-c4-ib.bmc.hpc.cs.msu.ru>
Subject: Job 1504455: <# this file was automaticly created by mpisubmit.pl script for edu-cmc-skpod25-325-02 #;source /polusfs/setenv/setup.SMPI;#BSUB -n 1;#BSUB -W 00:20;#BSUB -o ../scaling_results/omp-task_N16000_t1_run3.out;#BSUB -e env.%J.err;OMP_NUM_THREADS=1 mpiexec env OMP_NUM_THREADS=1 ../builds/gauss-omp-task_O2 16000 10> in cluster <MSUCluster> Done

Job <# this file was automaticly created by mpisubmit.pl script for edu-cmc-skpod25-325-02 #;source /polusfs/setenv/setup.SMPI;#BSUB -n 1;#BSUB -W 00:20;#BSUB -o ../scaling_results/omp-task_N16000_t1_run3.out;#BSUB -e env.%J.err;OMP_NUM_THREADS=1 mpiexec env OMP_NUM_THREADS=1 ../builds/gauss-omp-task_O2 16000 10> was submitted from host <polus-ib.bmc.hpc.cs.msu.ru> by user <edu-cmc-skpod25-325-02> in cluster <MSUCluster> at Fri Dec 19 20:13:58 2025
Job was executed on host(s) <polus-c4-ib.bmc.hpc.cs.msu.ru>, in queue <short>, as user <edu-cmc-skpod25-325-02> in cluster <MSUCluster> at Fri Dec 19 20:16:08 2025
</home_edu/edu-cmc-skpod25-325/edu-cmc-skpod25-325-02> was used as the home directory.
</home_edu/edu-cmc-skpod25-325/edu-cmc-skpod25-325-02/gauss/scripts> was used as the working directory.
Started at Fri Dec 19 20:16:08 2025
Terminated at Fri Dec 19 20:16:25 2025
Results reported at Fri Dec 19 20:16:25 2025

Your job looked like:

------------------------------------------------------------
# LSBATCH: User input
# this file was automaticly created by mpisubmit.pl script for edu-cmc-skpod25-325-02 #
source /polusfs/setenv/setup.SMPI
#BSUB -n 1
#BSUB -W 00:20
#BSUB -o ../scaling_results/omp-task_N16000_t1_run3.out
#BSUB -e env.%J.err
OMP_NUM_THREADS=1 mpiexec env OMP_NUM_THREADS=1 ../builds/gauss-omp-task_O2 16000 10

------------------------------------------------------------

Successfully completed.

Resource usage summary:

    CPU time :                                   16.35 sec.
    Max Memory :                                 1972 MB
    Average Memory :                             1578.40 MB
    Total Requested Memory :                     -
    Delta Memory :                               -
    Max Swap :                                   -
    Max Processes :                              5
    Max Threads :                                10
    Run time :                                   17 sec.
    Turnaround time :                            147 sec.

The output (if any) follows:

Time=15.8059
X=(1, 1, 1, 1, 1, 1, 1, 1, 1, ...)


PS:

Read file <env.1504455.err> for stderr output of this job.

