Sender: LSF System <lsfadmin@polus-c4-ib.bmc.hpc.cs.msu.ru>
Subject: Job 1502735: <# this file was automaticly created by mpisubmit.pl script for edu-cmc-skpod25-325-02 #;source /polusfs/setenv/setup.SMPI;#BSUB -n 1;#BSUB -W 00:20;#BSUB -o ../scaling_results/omp-for_N12000_t8_run3.out;#BSUB -e env.%J.err;OMP_NUM_THREADS=8 mpiexec env OMP_NUM_THREADS=8 ../builds/gauss-omp-for_O2 12000 10> in cluster <MSUCluster> Done

Job <# this file was automaticly created by mpisubmit.pl script for edu-cmc-skpod25-325-02 #;source /polusfs/setenv/setup.SMPI;#BSUB -n 1;#BSUB -W 00:20;#BSUB -o ../scaling_results/omp-for_N12000_t8_run3.out;#BSUB -e env.%J.err;OMP_NUM_THREADS=8 mpiexec env OMP_NUM_THREADS=8 ../builds/gauss-omp-for_O2 12000 10> was submitted from host <polus-ib.bmc.hpc.cs.msu.ru> by user <edu-cmc-skpod25-325-02> in cluster <MSUCluster> at Fri Dec 19 18:19:58 2025
Job was executed on host(s) <polus-c4-ib.bmc.hpc.cs.msu.ru>, in queue <short>, as user <edu-cmc-skpod25-325-02> in cluster <MSUCluster> at Fri Dec 19 18:22:22 2025
</home_edu/edu-cmc-skpod25-325/edu-cmc-skpod25-325-02> was used as the home directory.
</home_edu/edu-cmc-skpod25-325/edu-cmc-skpod25-325-02/gauss/scripts> was used as the working directory.
Started at Fri Dec 19 18:22:22 2025
Terminated at Fri Dec 19 18:22:46 2025
Results reported at Fri Dec 19 18:22:46 2025

Your job looked like:

------------------------------------------------------------
# LSBATCH: User input
# this file was automaticly created by mpisubmit.pl script for edu-cmc-skpod25-325-02 #
source /polusfs/setenv/setup.SMPI
#BSUB -n 1
#BSUB -W 00:20
#BSUB -o ../scaling_results/omp-for_N12000_t8_run3.out
#BSUB -e env.%J.err
OMP_NUM_THREADS=8 mpiexec env OMP_NUM_THREADS=8 ../builds/gauss-omp-for_O2 12000 10

------------------------------------------------------------

Successfully completed.

Resource usage summary:

    CPU time :                                   41.41 sec.
    Max Memory :                                 1118 MB
    Average Memory :                             894.80 MB
    Total Requested Memory :                     -
    Delta Memory :                               -
    Max Swap :                                   -
    Max Processes :                              5
    Max Threads :                                17
    Run time :                                   24 sec.
    Turnaround time :                            168 sec.

The output (if any) follows:

Time=20.3952
X=(1, 1, 1, 1, 1, 1, 1, 1, 1, ...)


PS:

Read file <env.1502735.err> for stderr output of this job.

Sender: LSF System <lsfadmin@polus-c2-ib.bmc.hpc.cs.msu.ru>
Subject: Job 1504355: <# this file was automaticly created by mpisubmit.pl script for edu-cmc-skpod25-325-02 #;source /polusfs/setenv/setup.SMPI;#BSUB -n 1;#BSUB -W 00:20;#BSUB -o ../scaling_results/omp-for_N12000_t8_run3.out;#BSUB -e env.%J.err;OMP_NUM_THREADS=8 mpiexec env OMP_NUM_THREADS=8 ../builds/gauss-omp-for_O2 12000 10> in cluster <MSUCluster> Done

Job <# this file was automaticly created by mpisubmit.pl script for edu-cmc-skpod25-325-02 #;source /polusfs/setenv/setup.SMPI;#BSUB -n 1;#BSUB -W 00:20;#BSUB -o ../scaling_results/omp-for_N12000_t8_run3.out;#BSUB -e env.%J.err;OMP_NUM_THREADS=8 mpiexec env OMP_NUM_THREADS=8 ../builds/gauss-omp-for_O2 12000 10> was submitted from host <polus-ib.bmc.hpc.cs.msu.ru> by user <edu-cmc-skpod25-325-02> in cluster <MSUCluster> at Fri Dec 19 20:13:01 2025
Job was executed on host(s) <polus-c2-ib.bmc.hpc.cs.msu.ru>, in queue <short>, as user <edu-cmc-skpod25-325-02> in cluster <MSUCluster> at Fri Dec 19 20:13:40 2025
</home_edu/edu-cmc-skpod25-325/edu-cmc-skpod25-325-02> was used as the home directory.
</home_edu/edu-cmc-skpod25-325/edu-cmc-skpod25-325-02/gauss/scripts> was used as the working directory.
Started at Fri Dec 19 20:13:40 2025
Terminated at Fri Dec 19 20:13:58 2025
Results reported at Fri Dec 19 20:13:58 2025

Your job looked like:

------------------------------------------------------------
# LSBATCH: User input
# this file was automaticly created by mpisubmit.pl script for edu-cmc-skpod25-325-02 #
source /polusfs/setenv/setup.SMPI
#BSUB -n 1
#BSUB -W 00:20
#BSUB -o ../scaling_results/omp-for_N12000_t8_run3.out
#BSUB -e env.%J.err
OMP_NUM_THREADS=8 mpiexec env OMP_NUM_THREADS=8 ../builds/gauss-omp-for_O2 12000 10

------------------------------------------------------------

Successfully completed.

Resource usage summary:

    CPU time :                                   97.78 sec.
    Max Memory :                                 1119 MB
    Average Memory :                             839.50 MB
    Total Requested Memory :                     -
    Delta Memory :                               -
    Max Swap :                                   -
    Max Processes :                              5
    Max Threads :                                17
    Run time :                                   17 sec.
    Turnaround time :                            57 sec.

The output (if any) follows:

Time=13.6426
X=(1, 1, 1, 1, 1, 1, 1, 1, 1, ...)


PS:

Read file <env.1504355.err> for stderr output of this job.

