Sender: LSF System <lsfadmin@polus-c4-ib.bmc.hpc.cs.msu.ru>
Subject: Job 1502765: <# this file was automaticly created by mpisubmit.pl script for edu-cmc-skpod25-325-02 #;source /polusfs/setenv/setup.SMPI;#BSUB -n 1;#BSUB -W 00:20;#BSUB -o ../scaling_results/omp-task_N8000_t2_run3.out;#BSUB -e env.%J.err;OMP_NUM_THREADS=2 mpiexec env OMP_NUM_THREADS=2 ../builds/gauss-omp-task_O2 8000 10> in cluster <MSUCluster> Done

Job <# this file was automaticly created by mpisubmit.pl script for edu-cmc-skpod25-325-02 #;source /polusfs/setenv/setup.SMPI;#BSUB -n 1;#BSUB -W 00:20;#BSUB -o ../scaling_results/omp-task_N8000_t2_run3.out;#BSUB -e env.%J.err;OMP_NUM_THREADS=2 mpiexec env OMP_NUM_THREADS=2 ../builds/gauss-omp-task_O2 8000 10> was submitted from host <polus-ib.bmc.hpc.cs.msu.ru> by user <edu-cmc-skpod25-325-02> in cluster <MSUCluster> at Fri Dec 19 18:19:59 2025
Job was executed on host(s) <polus-c4-ib.bmc.hpc.cs.msu.ru>, in queue <short>, as user <edu-cmc-skpod25-325-02> in cluster <MSUCluster> at Fri Dec 19 18:26:10 2025
</home_edu/edu-cmc-skpod25-325/edu-cmc-skpod25-325-02> was used as the home directory.
</home_edu/edu-cmc-skpod25-325/edu-cmc-skpod25-325-02/gauss/scripts> was used as the working directory.
Started at Fri Dec 19 18:26:10 2025
Terminated at Fri Dec 19 18:26:28 2025
Results reported at Fri Dec 19 18:26:28 2025

Your job looked like:

------------------------------------------------------------
# LSBATCH: User input
# this file was automaticly created by mpisubmit.pl script for edu-cmc-skpod25-325-02 #
source /polusfs/setenv/setup.SMPI
#BSUB -n 1
#BSUB -W 00:20
#BSUB -o ../scaling_results/omp-task_N8000_t2_run3.out
#BSUB -e env.%J.err
OMP_NUM_THREADS=2 mpiexec env OMP_NUM_THREADS=2 ../builds/gauss-omp-task_O2 8000 10

------------------------------------------------------------

Successfully completed.

Resource usage summary:

    CPU time :                                   8.29 sec.
    Max Memory :                                 508 MB
    Average Memory :                             406.60 MB
    Total Requested Memory :                     -
    Delta Memory :                               -
    Max Swap :                                   -
    Max Processes :                              5
    Max Threads :                                11
    Run time :                                   21 sec.
    Turnaround time :                            389 sec.

The output (if any) follows:

Time=16.6241
X=(1, 1, 1, 1, 1, 1, 1, 1, 1, ...)


PS:

Read file <env.1502765.err> for stderr output of this job.

Sender: LSF System <lsfadmin@polus-c4-ib.bmc.hpc.cs.msu.ru>
Subject: Job 1504434: <# this file was automaticly created by mpisubmit.pl script for edu-cmc-skpod25-325-02 #;source /polusfs/setenv/setup.SMPI;#BSUB -n 1;#BSUB -W 00:20;#BSUB -o ../scaling_results/omp-task_N8000_t2_run3.out;#BSUB -e env.%J.err;OMP_NUM_THREADS=2 mpiexec env OMP_NUM_THREADS=2 ../builds/gauss-omp-task_O2 8000 10> in cluster <MSUCluster> Done

Job <# this file was automaticly created by mpisubmit.pl script for edu-cmc-skpod25-325-02 #;source /polusfs/setenv/setup.SMPI;#BSUB -n 1;#BSUB -W 00:20;#BSUB -o ../scaling_results/omp-task_N8000_t2_run3.out;#BSUB -e env.%J.err;OMP_NUM_THREADS=2 mpiexec env OMP_NUM_THREADS=2 ../builds/gauss-omp-task_O2 8000 10> was submitted from host <polus-ib.bmc.hpc.cs.msu.ru> by user <edu-cmc-skpod25-325-02> in cluster <MSUCluster> at Fri Dec 19 20:13:42 2025
Job was executed on host(s) <polus-c4-ib.bmc.hpc.cs.msu.ru>, in queue <short>, as user <edu-cmc-skpod25-325-02> in cluster <MSUCluster> at Fri Dec 19 20:15:02 2025
</home_edu/edu-cmc-skpod25-325/edu-cmc-skpod25-325-02> was used as the home directory.
</home_edu/edu-cmc-skpod25-325/edu-cmc-skpod25-325-02/gauss/scripts> was used as the working directory.
Started at Fri Dec 19 20:15:02 2025
Terminated at Fri Dec 19 20:15:05 2025
Results reported at Fri Dec 19 20:15:05 2025

Your job looked like:

------------------------------------------------------------
# LSBATCH: User input
# this file was automaticly created by mpisubmit.pl script for edu-cmc-skpod25-325-02 #
source /polusfs/setenv/setup.SMPI
#BSUB -n 1
#BSUB -W 00:20
#BSUB -o ../scaling_results/omp-task_N8000_t2_run3.out
#BSUB -e env.%J.err
OMP_NUM_THREADS=2 mpiexec env OMP_NUM_THREADS=2 ../builds/gauss-omp-task_O2 8000 10

------------------------------------------------------------

Successfully completed.

Resource usage summary:

    CPU time :                                   3.72 sec.
    Max Memory :                                 508 MB
    Average Memory :                             340.00 MB
    Total Requested Memory :                     -
    Delta Memory :                               -
    Max Swap :                                   -
    Max Processes :                              5
    Max Threads :                                11
    Run time :                                   3 sec.
    Turnaround time :                            83 sec.

The output (if any) follows:

Time=1.85848
X=(1, 1, 1, 1, 1, 1, 1, 1, 1, ...)


PS:

Read file <env.1504434.err> for stderr output of this job.

