Sender: LSF System <lsfadmin@polus-c4-ib.bmc.hpc.cs.msu.ru>
Subject: Job 1502745: <# this file was automaticly created by mpisubmit.pl script for edu-cmc-skpod25-325-02 #;source /polusfs/setenv/setup.SMPI;#BSUB -n 1;#BSUB -W 00:20;#BSUB -o ../scaling_results/omp-for_N16000_t8_run1.out;#BSUB -e env.%J.err;OMP_NUM_THREADS=8 mpiexec env OMP_NUM_THREADS=8 ../builds/gauss-omp-for_O2 16000 10> in cluster <MSUCluster> Done

Job <# this file was automaticly created by mpisubmit.pl script for edu-cmc-skpod25-325-02 #;source /polusfs/setenv/setup.SMPI;#BSUB -n 1;#BSUB -W 00:20;#BSUB -o ../scaling_results/omp-for_N16000_t8_run1.out;#BSUB -e env.%J.err;OMP_NUM_THREADS=8 mpiexec env OMP_NUM_THREADS=8 ../builds/gauss-omp-for_O2 16000 10> was submitted from host <polus-ib.bmc.hpc.cs.msu.ru> by user <edu-cmc-skpod25-325-02> in cluster <MSUCluster> at Fri Dec 19 18:19:58 2025
Job was executed on host(s) <polus-c4-ib.bmc.hpc.cs.msu.ru>, in queue <short>, as user <edu-cmc-skpod25-325-02> in cluster <MSUCluster> at Fri Dec 19 18:25:04 2025
</home_edu/edu-cmc-skpod25-325/edu-cmc-skpod25-325-02> was used as the home directory.
</home_edu/edu-cmc-skpod25-325/edu-cmc-skpod25-325-02/gauss/scripts> was used as the working directory.
Started at Fri Dec 19 18:25:04 2025
Terminated at Fri Dec 19 18:25:32 2025
Results reported at Fri Dec 19 18:25:32 2025

Your job looked like:

------------------------------------------------------------
# LSBATCH: User input
# this file was automaticly created by mpisubmit.pl script for edu-cmc-skpod25-325-02 #
source /polusfs/setenv/setup.SMPI
#BSUB -n 1
#BSUB -W 00:20
#BSUB -o ../scaling_results/omp-for_N16000_t8_run1.out
#BSUB -e env.%J.err
OMP_NUM_THREADS=8 mpiexec env OMP_NUM_THREADS=8 ../builds/gauss-omp-for_O2 16000 10

------------------------------------------------------------

Successfully completed.

Resource usage summary:

    CPU time :                                   90.92 sec.
    Max Memory :                                 1973 MB
    Average Memory :                             1644.83 MB
    Total Requested Memory :                     -
    Delta Memory :                               -
    Max Swap :                                   -
    Max Processes :                              5
    Max Threads :                                17
    Run time :                                   26 sec.
    Turnaround time :                            334 sec.

The output (if any) follows:

Time=24.5545
X=(1, 1, 1, 1, 1, 1, 1, 1, 1, ...)


PS:

Read file <env.1502745.err> for stderr output of this job.

Sender: LSF System <lsfadmin@polus-c2-ib.bmc.hpc.cs.msu.ru>
Subject: Job 1504413: <# this file was automaticly created by mpisubmit.pl script for edu-cmc-skpod25-325-02 #;source /polusfs/setenv/setup.SMPI;#BSUB -n 1;#BSUB -W 00:20;#BSUB -o ../scaling_results/omp-for_N16000_t8_run1.out;#BSUB -e env.%J.err;OMP_NUM_THREADS=8 mpiexec env OMP_NUM_THREADS=8 ../builds/gauss-omp-for_O2 16000 10> in cluster <MSUCluster> Done

Job <# this file was automaticly created by mpisubmit.pl script for edu-cmc-skpod25-325-02 #;source /polusfs/setenv/setup.SMPI;#BSUB -n 1;#BSUB -W 00:20;#BSUB -o ../scaling_results/omp-for_N16000_t8_run1.out;#BSUB -e env.%J.err;OMP_NUM_THREADS=8 mpiexec env OMP_NUM_THREADS=8 ../builds/gauss-omp-for_O2 16000 10> was submitted from host <polus-ib.bmc.hpc.cs.msu.ru> by user <edu-cmc-skpod25-325-02> in cluster <MSUCluster> at Fri Dec 19 20:13:17 2025
Job was executed on host(s) <polus-c2-ib.bmc.hpc.cs.msu.ru>, in queue <short>, as user <edu-cmc-skpod25-325-02> in cluster <MSUCluster> at Fri Dec 19 20:14:34 2025
</home_edu/edu-cmc-skpod25-325/edu-cmc-skpod25-325-02> was used as the home directory.
</home_edu/edu-cmc-skpod25-325/edu-cmc-skpod25-325-02/gauss/scripts> was used as the working directory.
Started at Fri Dec 19 20:14:34 2025
Terminated at Fri Dec 19 20:14:49 2025
Results reported at Fri Dec 19 20:14:49 2025

Your job looked like:

------------------------------------------------------------
# LSBATCH: User input
# this file was automaticly created by mpisubmit.pl script for edu-cmc-skpod25-325-02 #
source /polusfs/setenv/setup.SMPI
#BSUB -n 1
#BSUB -W 00:20
#BSUB -o ../scaling_results/omp-for_N16000_t8_run1.out
#BSUB -e env.%J.err
OMP_NUM_THREADS=8 mpiexec env OMP_NUM_THREADS=8 ../builds/gauss-omp-for_O2 16000 10

------------------------------------------------------------

Successfully completed.

Resource usage summary:

    CPU time :                                   28.95 sec.
    Max Memory :                                 1973 MB
    Average Memory :                             504.00 MB
    Total Requested Memory :                     -
    Delta Memory :                               -
    Max Swap :                                   -
    Max Processes :                              5
    Max Threads :                                17
    Run time :                                   14 sec.
    Turnaround time :                            92 sec.

The output (if any) follows:

Time=10.489
X=(1, 1, 1, 1, 1, 1, 1, 1, 1, ...)


PS:

Read file <env.1504413.err> for stderr output of this job.

