Sender: LSF System <lsfadmin@polus-c4-ib.bmc.hpc.cs.msu.ru>
Subject: Job 1502767: <# this file was automaticly created by mpisubmit.pl script for edu-cmc-skpod25-325-02 #;source /polusfs/setenv/setup.SMPI;#BSUB -n 1;#BSUB -W 00:20;#BSUB -o ../scaling_results/omp-task_N8000_t4_run2.out;#BSUB -e env.%J.err;OMP_NUM_THREADS=4 mpiexec env OMP_NUM_THREADS=4 ../builds/gauss-omp-task_O2 8000 10> in cluster <MSUCluster> Done

Job <# this file was automaticly created by mpisubmit.pl script for edu-cmc-skpod25-325-02 #;source /polusfs/setenv/setup.SMPI;#BSUB -n 1;#BSUB -W 00:20;#BSUB -o ../scaling_results/omp-task_N8000_t4_run2.out;#BSUB -e env.%J.err;OMP_NUM_THREADS=4 mpiexec env OMP_NUM_THREADS=4 ../builds/gauss-omp-task_O2 8000 10> was submitted from host <polus-ib.bmc.hpc.cs.msu.ru> by user <edu-cmc-skpod25-325-02> in cluster <MSUCluster> at Fri Dec 19 18:19:59 2025
Job was executed on host(s) <polus-c4-ib.bmc.hpc.cs.msu.ru>, in queue <short>, as user <edu-cmc-skpod25-325-02> in cluster <MSUCluster> at Fri Dec 19 18:26:12 2025
</home_edu/edu-cmc-skpod25-325/edu-cmc-skpod25-325-02> was used as the home directory.
</home_edu/edu-cmc-skpod25-325/edu-cmc-skpod25-325-02/gauss/scripts> was used as the working directory.
Started at Fri Dec 19 18:26:12 2025
Terminated at Fri Dec 19 18:26:30 2025
Results reported at Fri Dec 19 18:26:30 2025

Your job looked like:

------------------------------------------------------------
# LSBATCH: User input
# this file was automaticly created by mpisubmit.pl script for edu-cmc-skpod25-325-02 #
source /polusfs/setenv/setup.SMPI
#BSUB -n 1
#BSUB -W 00:20
#BSUB -o ../scaling_results/omp-task_N8000_t4_run2.out
#BSUB -e env.%J.err
OMP_NUM_THREADS=4 mpiexec env OMP_NUM_THREADS=4 ../builds/gauss-omp-task_O2 8000 10

------------------------------------------------------------

Successfully completed.

Resource usage summary:

    CPU time :                                   20.34 sec.
    Max Memory :                                 508 MB
    Average Memory :                             407.20 MB
    Total Requested Memory :                     -
    Delta Memory :                               -
    Max Swap :                                   -
    Max Processes :                              5
    Max Threads :                                13
    Run time :                                   18 sec.
    Turnaround time :                            391 sec.

The output (if any) follows:

Time=16.6319
X=(1, 1, 1, 1, 1, 1, 1, 1, 1, ...)


PS:

Read file <env.1502767.err> for stderr output of this job.

Sender: LSF System <lsfadmin@polus-c2-ib.bmc.hpc.cs.msu.ru>
Subject: Job 1504436: <# this file was automaticly created by mpisubmit.pl script for edu-cmc-skpod25-325-02 #;source /polusfs/setenv/setup.SMPI;#BSUB -n 1;#BSUB -W 00:20;#BSUB -o ../scaling_results/omp-task_N8000_t4_run2.out;#BSUB -e env.%J.err;OMP_NUM_THREADS=4 mpiexec env OMP_NUM_THREADS=4 ../builds/gauss-omp-task_O2 8000 10> in cluster <MSUCluster> Done

Job <# this file was automaticly created by mpisubmit.pl script for edu-cmc-skpod25-325-02 #;source /polusfs/setenv/setup.SMPI;#BSUB -n 1;#BSUB -W 00:20;#BSUB -o ../scaling_results/omp-task_N8000_t4_run2.out;#BSUB -e env.%J.err;OMP_NUM_THREADS=4 mpiexec env OMP_NUM_THREADS=4 ../builds/gauss-omp-task_O2 8000 10> was submitted from host <polus-ib.bmc.hpc.cs.msu.ru> by user <edu-cmc-skpod25-325-02> in cluster <MSUCluster> at Fri Dec 19 20:13:45 2025
Job was executed on host(s) <polus-c2-ib.bmc.hpc.cs.msu.ru>, in queue <short>, as user <edu-cmc-skpod25-325-02> in cluster <MSUCluster> at Fri Dec 19 20:15:06 2025
</home_edu/edu-cmc-skpod25-325/edu-cmc-skpod25-325-02> was used as the home directory.
</home_edu/edu-cmc-skpod25-325/edu-cmc-skpod25-325-02/gauss/scripts> was used as the working directory.
Started at Fri Dec 19 20:15:06 2025
Terminated at Fri Dec 19 20:15:10 2025
Results reported at Fri Dec 19 20:15:10 2025

Your job looked like:

------------------------------------------------------------
# LSBATCH: User input
# this file was automaticly created by mpisubmit.pl script for edu-cmc-skpod25-325-02 #
source /polusfs/setenv/setup.SMPI
#BSUB -n 1
#BSUB -W 00:20
#BSUB -o ../scaling_results/omp-task_N8000_t4_run2.out
#BSUB -e env.%J.err
OMP_NUM_THREADS=4 mpiexec env OMP_NUM_THREADS=4 ../builds/gauss-omp-task_O2 8000 10

------------------------------------------------------------

Successfully completed.

Resource usage summary:

    CPU time :                                   6.66 sec.
    Max Memory :                                 508 MB
    Average Memory :                             339.67 MB
    Total Requested Memory :                     -
    Delta Memory :                               -
    Max Swap :                                   -
    Max Processes :                              5
    Max Threads :                                13
    Run time :                                   4 sec.
    Turnaround time :                            85 sec.

The output (if any) follows:

Time=2.81621
X=(1, 1, 1, 1, 1, 1, 1, 1, 1, ...)


PS:

Read file <env.1504436.err> for stderr output of this job.

