Sender: LSF System <lsfadmin@polus-c4-ib.bmc.hpc.cs.msu.ru>
Subject: Job 1502726: <# this file was automaticly created by mpisubmit.pl script for edu-cmc-skpod25-325-02 #;source /polusfs/setenv/setup.SMPI;#BSUB -n 1;#BSUB -W 00:20;#BSUB -o ../scaling_results/omp-for_N12000_t1_run3.out;#BSUB -e env.%J.err;OMP_NUM_THREADS=1 mpiexec env OMP_NUM_THREADS=1 ../builds/gauss-omp-for_O2 12000 10> in cluster <MSUCluster> Done

Job <# this file was automaticly created by mpisubmit.pl script for edu-cmc-skpod25-325-02 #;source /polusfs/setenv/setup.SMPI;#BSUB -n 1;#BSUB -W 00:20;#BSUB -o ../scaling_results/omp-for_N12000_t1_run3.out;#BSUB -e env.%J.err;OMP_NUM_THREADS=1 mpiexec env OMP_NUM_THREADS=1 ../builds/gauss-omp-for_O2 12000 10> was submitted from host <polus-ib.bmc.hpc.cs.msu.ru> by user <edu-cmc-skpod25-325-02> in cluster <MSUCluster> at Fri Dec 19 18:19:57 2025
Job was executed on host(s) <polus-c4-ib.bmc.hpc.cs.msu.ru>, in queue <short>, as user <edu-cmc-skpod25-325-02> in cluster <MSUCluster> at Fri Dec 19 18:21:07 2025
</home_edu/edu-cmc-skpod25-325/edu-cmc-skpod25-325-02> was used as the home directory.
</home_edu/edu-cmc-skpod25-325/edu-cmc-skpod25-325-02/gauss/scripts> was used as the working directory.
Started at Fri Dec 19 18:21:07 2025
Terminated at Fri Dec 19 18:21:58 2025
Results reported at Fri Dec 19 18:21:58 2025

Your job looked like:

------------------------------------------------------------
# LSBATCH: User input
# this file was automaticly created by mpisubmit.pl script for edu-cmc-skpod25-325-02 #
source /polusfs/setenv/setup.SMPI
#BSUB -n 1
#BSUB -W 00:20
#BSUB -o ../scaling_results/omp-for_N12000_t1_run3.out
#BSUB -e env.%J.err
OMP_NUM_THREADS=1 mpiexec env OMP_NUM_THREADS=1 ../builds/gauss-omp-for_O2 12000 10

------------------------------------------------------------

Successfully completed.

Resource usage summary:

    CPU time :                                   15.06 sec.
    Max Memory :                                 1118 MB
    Average Memory :                             994.22 MB
    Total Requested Memory :                     -
    Delta Memory :                               -
    Max Swap :                                   -
    Max Processes :                              5
    Max Threads :                                10
    Run time :                                   51 sec.
    Turnaround time :                            121 sec.

The output (if any) follows:

Time=47.133
X=(1, 1, 1, 1, 1, 1, 1, 1, 1, ...)


PS:

Read file <env.1502726.err> for stderr output of this job.

Sender: LSF System <lsfadmin@polus-c2-ib.bmc.hpc.cs.msu.ru>
Subject: Job 1504346: <# this file was automaticly created by mpisubmit.pl script for edu-cmc-skpod25-325-02 #;source /polusfs/setenv/setup.SMPI;#BSUB -n 1;#BSUB -W 00:20;#BSUB -o ../scaling_results/omp-for_N12000_t1_run3.out;#BSUB -e env.%J.err;OMP_NUM_THREADS=1 mpiexec env OMP_NUM_THREADS=1 ../builds/gauss-omp-for_O2 12000 10> in cluster <MSUCluster> Done

Job <# this file was automaticly created by mpisubmit.pl script for edu-cmc-skpod25-325-02 #;source /polusfs/setenv/setup.SMPI;#BSUB -n 1;#BSUB -W 00:20;#BSUB -o ../scaling_results/omp-for_N12000_t1_run3.out;#BSUB -e env.%J.err;OMP_NUM_THREADS=1 mpiexec env OMP_NUM_THREADS=1 ../builds/gauss-omp-for_O2 12000 10> was submitted from host <polus-ib.bmc.hpc.cs.msu.ru> by user <edu-cmc-skpod25-325-02> in cluster <MSUCluster> at Fri Dec 19 20:12:55 2025
Job was executed on host(s) <polus-c2-ib.bmc.hpc.cs.msu.ru>, in queue <short>, as user <edu-cmc-skpod25-325-02> in cluster <MSUCluster> at Fri Dec 19 20:13:13 2025
</home_edu/edu-cmc-skpod25-325/edu-cmc-skpod25-325-02> was used as the home directory.
</home_edu/edu-cmc-skpod25-325/edu-cmc-skpod25-325-02/gauss/scripts> was used as the working directory.
Started at Fri Dec 19 20:13:13 2025
Terminated at Fri Dec 19 20:13:40 2025
Results reported at Fri Dec 19 20:13:40 2025

Your job looked like:

------------------------------------------------------------
# LSBATCH: User input
# this file was automaticly created by mpisubmit.pl script for edu-cmc-skpod25-325-02 #
source /polusfs/setenv/setup.SMPI
#BSUB -n 1
#BSUB -W 00:20
#BSUB -o ../scaling_results/omp-for_N12000_t1_run3.out
#BSUB -e env.%J.err
OMP_NUM_THREADS=1 mpiexec env OMP_NUM_THREADS=1 ../builds/gauss-omp-for_O2 12000 10

------------------------------------------------------------

Successfully completed.

Resource usage summary:

    CPU time :                                   10.25 sec.
    Max Memory :                                 1118 MB
    Average Memory :                             931.83 MB
    Total Requested Memory :                     -
    Delta Memory :                               -
    Max Swap :                                   -
    Max Processes :                              5
    Max Threads :                                10
    Run time :                                   28 sec.
    Turnaround time :                            45 sec.

The output (if any) follows:

Time=23.519
X=(1, 1, 1, 1, 1, 1, 1, 1, 1, ...)


PS:

Read file <env.1504346.err> for stderr output of this job.

